<?xml version="1.0" encoding="UTF-8"?>
<!-- Generated by org.testng.reporters.JUnitReportReporter -->
<testsuite hostname="EPINHYDW0745" failures="0" tests="3" name="com.test.api.test" time="3.313" errors="0" timestamp="2022-08-03T14:40:13 IST" skipped="2">
  <testcase classname="com.test.api.test" name="Test_03" time="3.313"/>
  <system-out/>
  <testcase classname="com.test.api.test" name="Test_02">
    <skipped/>
  </testcase> <!-- Test_02 -->
  <system-out/>
  <testcase classname="com.test.api.test" name="Test_01">
    <skipped/>
  </testcase> <!-- Test_01 -->
  <system-out/>
</testsuite> <!-- com.test.api.test -->
