<?xml version="1.0" encoding="UTF-8"?>
<!-- Generated by org.testng.reporters.JUnitReportReporter -->
<testsuite hostname="EPINHYDW0745" failures="0" tests="3" name="com.test.api.GetRequest" time="1.877" errors="0" timestamp="2022-07-30T13:03:14 IST" skipped="2">
  <testcase classname="com.test.api.GetRequest" name="Get3" time="1.877"/>
  <system-out/>
  <testcase classname="com.test.api.GetRequest" name="Get1">
    <skipped/>
  </testcase> <!-- Get1 -->
  <system-out/>
  <testcase classname="com.test.api.GetRequest" name="Get2">
    <skipped/>
  </testcase> <!-- Get2 -->
  <system-out/>
</testsuite> <!-- com.test.api.GetRequest -->
